----------------------------------------------------------------
Wed May 25 21:09:02 CEST 2016:
Booting Derby version The Apache Software Foundation - Apache Derby - 10.12.1.1 - (1704137): instance a816c00e-0154-e951-f162-000000979a28 
on database directory memory:C:\Users\Michaela Bamburov치\Documents\GitHub\Campaign_Manager\heromgr-test with class loader sun.misc.Launcher$AppClassLoader@1db9742 
Loaded from file:/C:/Users/Michaela%20Bamburov%c3%a1/.m2/repository/org/apache/derby/derby/10.12.1.1/derby-10.12.1.1.jar
java.vendor=Oracle Corporation
java.runtime.version=1.8.0_65-b17
user.dir=C:\Users\Michaela Bamburov치\Documents\GitHub\Campaign_Manager
os.name=Windows 10
os.arch=x86
os.version=10.0
derby.system.home=null
Database Class Loader started - derby.database.classpath=''
----------------------------------------------------------------
Wed May 25 21:09:03 CEST 2016:
Booting Derby version The Apache Software Foundation - Apache Derby - 10.12.1.1 - (1704137): instance 0963c106-0154-e951-f162-000000979a28 
on database directory memory:C:\Users\Michaela Bamburov치\Documents\GitHub\Campaign_Manager\heroManagerImpl-test with class loader sun.misc.Launcher$AppClassLoader@1db9742 
Loaded from file:/C:/Users/Michaela%20Bamburov%c3%a1/.m2/repository/org/apache/derby/derby/10.12.1.1/derby-10.12.1.1.jar
java.vendor=Oracle Corporation
java.runtime.version=1.8.0_65-b17
user.dir=C:\Users\Michaela Bamburov치\Documents\GitHub\Campaign_Manager
os.name=Windows 10
os.arch=x86
os.version=10.0
derby.system.home=null
Database Class Loader started - derby.database.classpath=''
